<?xml version="1.0" encoding="UTF-8"?>
<!-- Generated by org.testng.reporters.JUnitReportReporter -->
<testsuite skipped="0" hostname="ChopraZ" name="com.facebook.TestCases.LoginPageTest" tests="2" failures="0" timestamp="06 Feb 2019 09:20:56 GMT" time="4.741" errors="0">
  <testcase name="Login" time="4.692" classname="com.facebook.TestCases.LoginPageTest"/>
  <testcase name="VerifyTitle" time="0.049" classname="com.facebook.TestCases.LoginPageTest"/>
</testsuite> <!-- com.facebook.TestCases.LoginPageTest -->
