<?xml version="1.0" encoding="UTF-8"?>
<!-- Generated by org.testng.reporters.JUnitReportReporter -->
<testsuite skipped="0" hostname="ChopraZ" name="com.facebook.TestCases.LoginPageTest" tests="2" failures="0" timestamp="09 Feb 2019 10:11:42 GMT" time="22.546" errors="0">
  <testcase name="VerifyTitle" time="0.017" classname="com.facebook.TestCases.LoginPageTest"/>
  <testcase name="Login" time="22.529" classname="com.facebook.TestCases.LoginPageTest"/>
</testsuite> <!-- com.facebook.TestCases.LoginPageTest -->
